c:\users\mille\source\repos\parkplayengine\parkplayengine\x64\debug\vc143.pdb
c:\users\mille\source\repos\parkplayengine\parkplayengine\x64\debug\vc143.idb
c:\users\mille\source\repos\parkplayengine\parkplayengine\x64\debug\source.obj
c:\users\mille\source\repos\parkplayengine\parkplayengine\x64\debug\input.obj
c:\users\mille\source\repos\parkplayengine\parkplayengine\x64\debug\vertexarrayobject.obj
c:\users\mille\source\repos\parkplayengine\parkplayengine\x64\debug\texture.obj
c:\users\mille\source\repos\parkplayengine\parkplayengine\x64\debug\shaderprogram.obj
c:\users\mille\source\repos\parkplayengine\parkplayengine\x64\debug\model.obj
c:\users\mille\source\repos\parkplayengine\parkplayengine\x64\debug\mesh.obj
c:\users\mille\source\repos\parkplayengine\parkplayengine\x64\debug\material.obj
c:\users\mille\source\repos\parkplayengine\parkplayengine\x64\debug\camera.obj
c:\users\mille\source\repos\parkplayengine\parkplayengine\x64\debug\graphicsengine.obj
c:\users\mille\source\repos\parkplayengine\parkplayengine\x64\debug\game.obj
c:\users\mille\source\repos\parkplayengine\parkplayengine\x64\debug\stb_image.obj
c:\users\mille\source\repos\parkplayengine\parkplayengine\x64\debug\lights.obj
c:\users\mille\source\repos\parkplayengine\parkplayengine\x64\debug\aabbcollision.obj
c:\users\mille\source\repos\parkplayengine\parkplayengine\x64\debug\collectible.obj
c:\users\mille\source\repos\parkplayengine\parkplayengine\x64\debug\gameobject.obj
c:\users\mille\source\repos\parkplayengine\parkplayengine\x64\debug\player.obj
c:\users\mille\source\repos\parkplayengine\x64\debug\parkplayengine.exe
c:\users\mille\source\repos\parkplayengine\parkplayengine\x64\debug\parkplayengine.ilk
c:\users\mille\source\repos\parkplayengine\x64\debug\parkplayengine.pdb
d:\users\9092\documents\github\aw_ass\parkplayengine\parkplayengine\x64\debug\aabbcollision.obj
d:\users\9092\documents\github\aw_ass\parkplayengine\parkplayengine\x64\debug\camera.obj
d:\users\9092\documents\github\aw_ass\parkplayengine\parkplayengine\x64\debug\collectible.obj
d:\users\9092\documents\github\aw_ass\parkplayengine\parkplayengine\x64\debug\game.obj
d:\users\9092\documents\github\aw_ass\parkplayengine\parkplayengine\x64\debug\gameobject.obj
d:\users\9092\documents\github\aw_ass\parkplayengine\parkplayengine\x64\debug\graphicsengine.obj
d:\users\9092\documents\github\aw_ass\parkplayengine\parkplayengine\x64\debug\input.obj
d:\users\9092\documents\github\aw_ass\parkplayengine\parkplayengine\x64\debug\lights.obj
d:\users\9092\documents\github\aw_ass\parkplayengine\parkplayengine\x64\debug\material.obj
d:\users\9092\documents\github\aw_ass\parkplayengine\parkplayengine\x64\debug\mesh.obj
d:\users\9092\documents\github\aw_ass\parkplayengine\parkplayengine\x64\debug\model.obj
d:\users\9092\documents\github\aw_ass\parkplayengine\parkplayengine\x64\debug\player.obj
d:\users\9092\documents\github\aw_ass\parkplayengine\parkplayengine\x64\debug\ring.obj
d:\users\9092\documents\github\aw_ass\parkplayengine\parkplayengine\x64\debug\shaderprogram.obj
d:\users\9092\documents\github\aw_ass\parkplayengine\parkplayengine\x64\debug\source.obj
d:\users\9092\documents\github\aw_ass\parkplayengine\parkplayengine\x64\debug\stb_image.obj
d:\users\9092\documents\github\aw_ass\parkplayengine\parkplayengine\x64\debug\texture.obj
d:\users\9092\documents\github\aw_ass\parkplayengine\parkplayengine\x64\debug\vertexarrayobject.obj
d:\users\9092\documents\github\aw_ass\parkplayengine\parkplayengine\x64\debug\parkplayengine.ilk
d:\users\9092\documents\github\aw_ass\parkplayengine\parkplayengine\x64\debug\vc143.idb
d:\users\9092\documents\github\aw_ass\parkplayengine\parkplayengine\x64\debug\vc143.pdb
d:\users\9092\documents\github\aw_ass\parkplayengine\parkplayengine\x64\debug\parkplayengine.tlog\cl.command.1.tlog
d:\users\9092\documents\github\aw_ass\parkplayengine\parkplayengine\x64\debug\parkplayengine.tlog\cl.read.1.tlog
d:\users\9092\documents\github\aw_ass\parkplayengine\parkplayengine\x64\debug\parkplayengine.tlog\cl.write.1.tlog
d:\users\9092\documents\github\aw_ass\parkplayengine\parkplayengine\x64\debug\parkplayengine.tlog\link.command.1.tlog
d:\users\9092\documents\github\aw_ass\parkplayengine\parkplayengine\x64\debug\parkplayengine.tlog\link.read.1.tlog
d:\users\9092\documents\github\aw_ass\parkplayengine\parkplayengine\x64\debug\parkplayengine.tlog\link.write.1.tlog
